<?xml version="1.0" encoding="UTF-8"?>
<!-- Generated by org.testng.reporters.JUnitReportReporter -->
<testsuite hostname="DESKTOP-OTKB4FC" failures="0" tests="3" name="com.OrangeHRMAutomation.QA.TestCases.DataProvederExp2" time="0.014" errors="0" timestamp="2024-01-09T19:38:13 IST" skipped="0">
  <testcase classname="com.OrangeHRMAutomation.QA.TestCases.DataProvederExp2" name="datauser" time="0.001"/>
  <testcase classname="com.OrangeHRMAutomation.QA.TestCases.DataProvederExp2" name="datauser" time="0.002"/>
  <testcase classname="com.OrangeHRMAutomation.QA.TestCases.DataProvederExp2" name="datauser" time="0.011"/>
</testsuite> <!-- com.OrangeHRMAutomation.QA.TestCases.DataProvederExp2 -->
