<?xml version="1.0" encoding="UTF-8"?>
<!-- Generated by org.testng.reporters.JUnitReportReporter -->
<testsuite hostname="DESKTOP-OTKB4FC" failures="0" tests="3" name="com.OrangeHRMAutomation.QA.TestCases.DataProvederEXm1$DataProviderExp2" time="0.016" errors="0" timestamp="2022-09-16T19:15:50 IST" skipped="0">
  <testcase classname="com.OrangeHRMAutomation.QA.TestCases.DataProvederEXm1$DataProviderExp2" name="useData" time="0.002"/>
  <system-out/>
  <testcase classname="com.OrangeHRMAutomation.QA.TestCases.DataProvederEXm1$DataProviderExp2" name="useData" time="0.012"/>
  <system-out/>
  <testcase classname="com.OrangeHRMAutomation.QA.TestCases.DataProvederEXm1$DataProviderExp2" name="useData" time="0.002"/>
  <system-out/>
</testsuite> <!-- com.OrangeHRMAutomation.QA.TestCases.DataProvederEXm1$DataProviderExp2 -->
