<?xml version="1.0" encoding="UTF-8"?>
<!-- Generated by org.testng.reporters.JUnitReportReporter -->
<testsuite hostname="DESKTOP-OTKB4FC" failures="0" tests="3" name="com.OrangeHRMAutomation.QA.TestCases.WorkingWithAlertsPopupsExmpl" time="10.576" errors="0" timestamp="2024-01-29T20:14:07 IST" skipped="0">
  <testcase classname="com.OrangeHRMAutomation.QA.TestCases.WorkingWithAlertsPopupsExmpl" name="LunchApplication" time="8.168"/>
  <testcase classname="com.OrangeHRMAutomation.QA.TestCases.WorkingWithAlertsPopupsExmpl" name="InitializMethod" time="2.321"/>
  <testcase classname="com.OrangeHRMAutomation.QA.TestCases.WorkingWithAlertsPopupsExmpl" name="HandleAlert" time="0.087"/>
</testsuite> <!-- com.OrangeHRMAutomation.QA.TestCases.WorkingWithAlertsPopupsExmpl -->
