<?xml version="1.0" encoding="UTF-8"?>
<!-- Generated by org.testng.reporters.JUnitReportReporter -->
<testsuite hostname="DESKTOP-OTKB4FC" failures="0" tests="6" name="com.OrangeHRMAutomation.QA.TestCases.GropingTestMethods" time="0.022" errors="0" timestamp="2024-01-09T19:40:56 IST" skipped="0">
  <testcase classname="com.OrangeHRMAutomation.QA.TestCases.GropingTestMethods" name="Player6" time="0.004"/>
  <testcase classname="com.OrangeHRMAutomation.QA.TestCases.GropingTestMethods" name="Player1" time="0.010"/>
  <testcase classname="com.OrangeHRMAutomation.QA.TestCases.GropingTestMethods" name="Player2" time="0.002"/>
  <testcase classname="com.OrangeHRMAutomation.QA.TestCases.GropingTestMethods" name="Player3" time="0.002"/>
  <testcase classname="com.OrangeHRMAutomation.QA.TestCases.GropingTestMethods" name="Player5" time="0.003"/>
  <testcase classname="com.OrangeHRMAutomation.QA.TestCases.GropingTestMethods" name="Player4" time="0.001"/>
</testsuite> <!-- com.OrangeHRMAutomation.QA.TestCases.GropingTestMethods -->
