<?xml version="1.0" encoding="UTF-8"?>
<!-- Generated by org.testng.reporters.JUnitReportReporter -->
<testsuite hostname="DESKTOP-OTKB4FC" failures="0" tests="3" name="com.OrangeHRMAutomation.QA.TestCases.CricBuzzTable" time="15.882" errors="0" timestamp="2022-09-28T15:27:44 IST" skipped="0">
  <testcase classname="com.OrangeHRMAutomation.QA.TestCases.CricBuzzTable" name="xpathAccess" time="0.174"/>
  <system-out/>
  <testcase classname="com.OrangeHRMAutomation.QA.TestCases.CricBuzzTable" name="LaunchWebTable" time="15.647"/>
  <system-out/>
  <testcase classname="com.OrangeHRMAutomation.QA.TestCases.CricBuzzTable" name="xpathAccessMain" time="0.061"/>
  <system-out/>
</testsuite> <!-- com.OrangeHRMAutomation.QA.TestCases.CricBuzzTable -->
