<?xml version="1.0" encoding="UTF-8"?>
<!-- Generated by org.testng.reporters.JUnitReportReporter -->
<testsuite hostname="DESKTOP-OTKB4FC" failures="0" tests="1" name="com.OrangeHRMAutomation.QA.TestCases.SimpleTest" time="45.674" errors="0" timestamp="2024-01-30T10:42:41 IST" skipped="0">
  <testcase classname="com.OrangeHRMAutomation.QA.TestCases.SimpleTest" name="BroweserLunch" time="45.674"/>
</testsuite> <!-- com.OrangeHRMAutomation.QA.TestCases.SimpleTest -->
