<?xml version="1.0" encoding="UTF-8"?>
<!-- Generated by org.testng.reporters.JUnitReportReporter -->
<testsuite hostname="DESKTOP-OTKB4FC" failures="0" tests="1" name="com.OrangeHRMAutomation.QA.TestCases.SimplTestNG" time="0.010" errors="0" timestamp="2024-01-09T20:46:16 IST" skipped="0">
  <testcase classname="com.OrangeHRMAutomation.QA.TestCases.SimplTestNG" name="ExceuteTest1" time="0.010"/>
</testsuite> <!-- com.OrangeHRMAutomation.QA.TestCases.SimplTestNG -->
