<?xml version="1.0" encoding="UTF-8"?>
<!-- Generated by org.testng.reporters.JUnitReportReporter -->
<testsuite hostname="DESKTOP-OTKB4FC" failures="0" tests="4" name="com.OrangeHRMAutomation.QA.TestCases.TestAnnotations" time="1.550" errors="0" timestamp="2024-01-09T20:49:48 IST" skipped="0">
  <testcase classname="com.OrangeHRMAutomation.QA.TestCases.TestAnnotations" name="FourthMethod" time="0.002"/>
  <testcase classname="com.OrangeHRMAutomation.QA.TestCases.TestAnnotations" name="FirstMethod" time="1.028"/>
  <testcase classname="com.OrangeHRMAutomation.QA.TestCases.TestAnnotations" name="SecondMethod" time="0.518"/>
  <testcase classname="com.OrangeHRMAutomation.QA.TestCases.TestAnnotations" name="thirdMethod" time="0.002"/>
</testsuite> <!-- com.OrangeHRMAutomation.QA.TestCases.TestAnnotations -->
