<?xml version="1.0" encoding="UTF-8"?>
<!-- Generated by org.testng.reporters.JUnitReportReporter -->
<testsuite hostname="DESKTOP-OTKB4FC" failures="0" tests="6" name="com.OrangeHRMAutomation.QA.TestCases.WorkingWithFrameExmp1" time="173.621" errors="0" timestamp="2024-01-29T20:21:43 IST" skipped="1">
  <testcase classname="com.OrangeHRMAutomation.QA.TestCases.WorkingWithFrameExmp1" name="InitializMethod" time="2.845"/>
  <testcase classname="com.OrangeHRMAutomation.QA.TestCases.WorkingWithFrameExmp1" name="LunchApplication" time="12.591"/>
  <testcase classname="com.OrangeHRMAutomation.QA.TestCases.WorkingWithFrameExmp1" name="FindFramesCount" time="60.733"/>
  <testcase classname="com.OrangeHRMAutomation.QA.TestCases.WorkingWithFrameExmp1" name="GetAccessToframesByIndex" time="63.555"/>
  <testcase classname="com.OrangeHRMAutomation.QA.TestCases.WorkingWithFrameExmp1" name="GetAccessToFramesByIndexID" time="33.897"/>
  <testcase classname="com.OrangeHRMAutomation.QA.TestCases.WorkingWithFrameExmp1" name="getAccessToFrameByXpath">
    <skipped/>
  </testcase> <!-- getAccessToFrameByXpath -->
</testsuite> <!-- com.OrangeHRMAutomation.QA.TestCases.WorkingWithFrameExmp1 -->
