<?xml version="1.0" encoding="UTF-8"?>
<!-- Generated by org.testng.reporters.JUnitReportReporter -->
<testsuite hostname="DESKTOP-OTKB4FC" failures="0" tests="4" name="com.OrangeHRMAutomation.QA.TestCases.DtaProviderexp2" time="0.019" errors="0" timestamp="2023-12-22T10:26:30 IST" skipped="0">
  <testcase classname="com.OrangeHRMAutomation.QA.TestCases.DtaProviderexp2" name="userDataProvider" time="0.001"/>
  <testcase classname="com.OrangeHRMAutomation.QA.TestCases.DtaProviderexp2" name="userDataProvider" time="0.001"/>
  <testcase classname="com.OrangeHRMAutomation.QA.TestCases.DtaProviderexp2" name="userDataProvider" time="0.007"/>
  <testcase classname="com.OrangeHRMAutomation.QA.TestCases.DtaProviderexp2" name="userDataProvider" time="0.010"/>
</testsuite> <!-- com.OrangeHRMAutomation.QA.TestCases.DtaProviderexp2 -->
